0 info it worked if it ends with ok
1 verbose cli [ '/home/eddy/local/bin/node',
1 verbose cli   '/home/eddy/local/lib/node_modules/npm/bin/npm-cli.js',
1 verbose cli   'run',
1 verbose cli   'serve' ]
2 info using npm@3.10.3
3 info using node@v6.3.0
4 verbose run-script [ 'preserve', 'serve', 'postserve' ]
5 info lifecycle serializer@1.0.0~preserve: serializer@1.0.0
6 silly lifecycle serializer@1.0.0~preserve: no script for preserve, continuing
7 info lifecycle serializer@1.0.0~serve: serializer@1.0.0
8 verbose lifecycle serializer@1.0.0~serve: unsafe-perm in lifecycle true
9 verbose lifecycle serializer@1.0.0~serve: PATH: /home/eddy/local/lib/node_modules/npm/bin/node-gyp-bin:/home/eddy/workspace/serializer/node_modules/.bin:/home/eddy/local/bin:/usr/local/sbin:/usr/local/bin:/usr/sbin:/usr/bin:/sbin:/bin:/usr/games:/usr/local/games
10 verbose lifecycle serializer@1.0.0~serve: CWD: /home/eddy/workspace/serializer
11 silly lifecycle serializer@1.0.0~serve: Args: [ '-c', 'lite-server' ]
12 silly lifecycle serializer@1.0.0~serve: Returned: code: 134  signal: null
13 info lifecycle serializer@1.0.0~serve: Failed to exec serve script
14 verbose stack Error: serializer@1.0.0 serve: `lite-server`
14 verbose stack Exit status 134
14 verbose stack     at EventEmitter.<anonymous> (/home/eddy/local/lib/node_modules/npm/lib/utils/lifecycle.js:242:16)
14 verbose stack     at emitTwo (events.js:106:13)
14 verbose stack     at EventEmitter.emit (events.js:191:7)
14 verbose stack     at ChildProcess.<anonymous> (/home/eddy/local/lib/node_modules/npm/lib/utils/spawn.js:40:14)
14 verbose stack     at emitTwo (events.js:106:13)
14 verbose stack     at ChildProcess.emit (events.js:191:7)
14 verbose stack     at maybeClose (internal/child_process.js:852:16)
14 verbose stack     at Process.ChildProcess._handle.onexit (internal/child_process.js:215:5)
15 verbose pkgid serializer@1.0.0
16 verbose cwd /home/eddy/workspace/serializer
17 error Linux 3.19.0-64-generic
18 error argv "/home/eddy/local/bin/node" "/home/eddy/local/lib/node_modules/npm/bin/npm-cli.js" "run" "serve"
19 error node v6.3.0
20 error npm  v3.10.3
21 error code ELIFECYCLE
22 error serializer@1.0.0 serve: `lite-server`
22 error Exit status 134
23 error Failed at the serializer@1.0.0 serve script 'lite-server'.
23 error Make sure you have the latest version of node.js and npm installed.
23 error If you do, this is most likely a problem with the serializer package,
23 error not with npm itself.
23 error Tell the author that this fails on your system:
23 error     lite-server
23 error You can get information on how to open an issue for this project with:
23 error     npm bugs serializer
23 error Or if that isn't available, you can get their info via:
23 error     npm owner ls serializer
23 error There is likely additional logging output above.
24 verbose exit [ 1, true ]
